<?xml version="1.0" encoding="UTF-8"?>
<!-- Generated by org.testng.reporters.JUnitXMLReporter -->
<testsuite hostname="Deepali" name="Surefire test" tests="6" failures="0" timestamp="21 Aug 2017 06:14:57 GMT" time="0.132" errors="0">
  <testcase name="testEvaluate1 on testEvaluate1(com.neu.commandlncalculatorTest.CommanLnCalcTest)" time="0.02" classname="com.neu.commandlncalculatorTest.CommanLnCalcTest"/>
  <testcase name="testEvaluate2 on testEvaluate2(com.neu.commandlncalculatorTest.CommanLnCalcTest)" time="0.0" classname="com.neu.commandlncalculatorTest.CommanLnCalcTest"/>
  <testcase name="testEvaluate3 on testEvaluate3(com.neu.commandlncalculatorTest.CommanLnCalcTest)" time="0.0" classname="com.neu.commandlncalculatorTest.CommanLnCalcTest"/>
  <testcase name="testEvaluate4 on testEvaluate4(com.neu.commandlncalculatorTest.CommanLnCalcTest)" time="0.0" classname="com.neu.commandlncalculatorTest.CommanLnCalcTest"/>
  <testcase name="testEvaluate5 on testEvaluate5(com.neu.commandlncalculatorTest.CommanLnCalcTest)" time="0.0" classname="com.neu.commandlncalculatorTest.CommanLnCalcTest"/>
  <testcase name="testEvaluate6 on testEvaluate6(com.neu.commandlncalculatorTest.CommanLnCalcTest)" time="0.0" classname="com.neu.commandlncalculatorTest.CommanLnCalcTest"/>
</testsuite> <!-- Surefire test -->
